#
# There is insufficient memory for the Java Runtime Environment to continue.
# Native memory allocation (malloc) failed to allocate 2989936 bytes for Chunk::new
# Possible reasons:
#   The system is out of physical RAM or swap space
#   The process is running with CompressedOops enabled, and the Java Heap may be blocking the growth of the native heap
# Possible solutions:
#   Reduce memory load on the system
#   Increase physical memory or swap space
#   Check if swap backing store is full
#   Decrease Java heap size (-Xmx/-Xms)
#   Decrease number of Java threads
#   Decrease Java thread stack sizes (-Xss)
#   Set larger code cache with -XX:ReservedCodeCacheSize=
#   JVM is running with Zero Based Compressed Oops mode in which the Java heap is
#     placed in the first 32GB address space. The Java Heap base address is the
#     maximum limit for the native heap growth. Please use -XX:HeapBaseMinAddress
#     to set the Java Heap base and to place the Java Heap above 32GB virtual address.
# This output file may be truncated or incomplete.
#
#  Out of Memory Error (arena.cpp:189), pid=17052, tid=13288
#
# JRE version: Java(TM) SE Runtime Environment (17.0.6+9) (build 17.0.6+9-LTS-190)
# Java VM: Java HotSpot(TM) 64-Bit Server VM (17.0.6+9-LTS-190, mixed mode, sharing, tiered, compressed oops, compressed class ptrs, g1 gc, windows-amd64)
# No core dump will be written. Minidumps are not enabled by default on client versions of Windows
#

---------------  S U M M A R Y ------------

Command Line: -Dclassworlds.conf=C:\Program Files\apache-maven-3.9.9\bin\m2.conf -Dmaven.home=C:\Program Files\apache-maven-3.9.9 -Dlibrary.jansi.path=C:\Program Files\apache-maven-3.9.9\lib\jansi-native -Dmaven.multiModuleProjectDirectory=D:\Healthcare System\api-gateway org.codehaus.plexus.classworlds.launcher.Launcher clean package

Host: 13th Gen Intel(R) Core(TM) i9-13980HX, 32 cores, 15G,  Windows 11 , 64 bit Build 22621 (10.0.22621.4391)
Time: Fri Feb  7 16:57:27 2025 Eastern Standard Time elapsed time: 4.839162 seconds (0d 0h 0m 4s)

---------------  T H R E A D  ---------------

Current thread (0x000001831deb9700):  JavaThread "C2 CompilerThread2" daemon [_thread_in_native, id=13288, stack(0x0000006a52000000,0x0000006a52100000)]


Current CompileTask:
C2:   4839 7966   !   4       java.lang.ClassLoader::loadClass (121 bytes)

Stack: [0x0000006a52000000,0x0000006a52100000]
Native frames: (J=compiled Java code, j=interpreted, Vv=VM code, C=native code)
V  [jvm.dll+0x6734ea]
V  [jvm.dll+0x7d18f4]
V  [jvm.dll+0x7d309e]
V  [jvm.dll+0x7d3703]
V  [jvm.dll+0x2433c5]
V  [jvm.dll+0xaa46b]
V  [jvm.dll+0xaaa0c]
V  [jvm.dll+0x35eadf]
V  [jvm.dll+0x329401]
V  [jvm.dll+0x32889a]
V  [jvm.dll+0x215ddf]
V  [jvm.dll+0x215211]
V  [jvm.dll+0x1a1730]
V  [jvm.dll+0x224b6e]
V  [jvm.dll+0x222f15]
V  [jvm.dll+0x78753c]
V  [jvm.dll+0x781a7a]
V  [jvm.dll+0x672375]
C  [ucrtbase.dll+0x29333]
C  [KERNEL32.DLL+0x1259d]
C  [ntdll.dll+0x5af38]


---------------  P R O C E S S  ---------------

Threads class SMR info:
_java_thread_list=0x0000018320647ff0, length=19, elements={
0x0000018377d16a10, 0x000001831c2650b0, 0x000001831c265d20, 0x000001831c27bb40,
0x000001831c27c4f0, 0x000001831c280eb0, 0x000001831c289870, 0x000001831c28ea20,
0x000001831c28f3d0, 0x000001831ca9dfe0, 0x000001831cb2c030, 0x000001831cc08c20,
0x000001831cc05730, 0x000001831dc40f20, 0x000001831ce05090, 0x000001831dbab6f0,
0x000001831dbabc00, 0x000001831deb9700, 0x000001831cc07db0
}

Java Threads: ( => current thread )
  0x0000018377d16a10 JavaThread "main" [_thread_in_native, id=10196, stack(0x0000006a50c00000,0x0000006a50d00000)]
  0x000001831c2650b0 JavaThread "Reference Handler" daemon [_thread_blocked, id=27024, stack(0x0000006a51300000,0x0000006a51400000)]
  0x000001831c265d20 JavaThread "Finalizer" daemon [_thread_blocked, id=19632, stack(0x0000006a51400000,0x0000006a51500000)]
  0x000001831c27bb40 JavaThread "Signal Dispatcher" daemon [_thread_blocked, id=14564, stack(0x0000006a51500000,0x0000006a51600000)]
  0x000001831c27c4f0 JavaThread "Attach Listener" daemon [_thread_blocked, id=13268, stack(0x0000006a51600000,0x0000006a51700000)]
  0x000001831c280eb0 JavaThread "Service Thread" daemon [_thread_blocked, id=24492, stack(0x0000006a51700000,0x0000006a51800000)]
  0x000001831c289870 JavaThread "Monitor Deflation Thread" daemon [_thread_blocked, id=2632, stack(0x0000006a51800000,0x0000006a51900000)]
  0x000001831c28ea20 JavaThread "C2 CompilerThread0" daemon [_thread_blocked, id=27412, stack(0x0000006a51900000,0x0000006a51a00000)]
  0x000001831c28f3d0 JavaThread "C1 CompilerThread0" daemon [_thread_blocked, id=25136, stack(0x0000006a51a00000,0x0000006a51b00000)]
  0x000001831ca9dfe0 JavaThread "Sweeper thread" daemon [_thread_blocked, id=5268, stack(0x0000006a51b00000,0x0000006a51c00000)]
  0x000001831cb2c030 JavaThread "C1 CompilerThread1" daemon [_thread_blocked, id=22648, stack(0x0000006a51c00000,0x0000006a51d00000)]
  0x000001831cc08c20 JavaThread "Notification Thread" daemon [_thread_blocked, id=26672, stack(0x0000006a51d00000,0x0000006a51e00000)]
  0x000001831cc05730 JavaThread "Common-Cleaner" daemon [_thread_blocked, id=25060, stack(0x0000006a51f00000,0x0000006a52000000)]
  0x000001831dc40f20 JavaThread "C2 CompilerThread1" daemon [_thread_blocked, id=25088, stack(0x0000006a52100000,0x0000006a52200000)]
  0x000001831ce05090 JavaThread "C1 CompilerThread2" daemon [_thread_blocked, id=25104, stack(0x0000006a52200000,0x0000006a52300000)]
  0x000001831dbab6f0 JavaThread "C1 CompilerThread3" daemon [_thread_blocked, id=25340, stack(0x0000006a52300000,0x0000006a52400000)]
  0x000001831dbabc00 JavaThread "C1 CompilerThread4" daemon [_thread_blocked, id=15260, stack(0x0000006a52400000,0x0000006a52500000)]
=>0x000001831deb9700 JavaThread "C2 CompilerThread2" daemon [_thread_in_native, id=13288, stack(0x0000006a52000000,0x0000006a52100000)]
  0x000001831cc07db0 JavaThread "Thread-1" daemon [_thread_blocked, id=24396, stack(0x0000006a52e00000,0x0000006a52f00000)]

Other Threads:
  0x000001831c25e5a0 VMThread "VM Thread" [stack: 0x0000006a51200000,0x0000006a51300000] [id=27116]
  0x0000018377dd78c0 WatcherThread [stack: 0x0000006a51e00000,0x0000006a51f00000] [id=22868]
  0x0000018377d82900 GCTaskThread "GC Thread#0" [stack: 0x0000006a50d00000,0x0000006a50e00000] [id=25752]
  0x000001831ccc0d60 GCTaskThread "GC Thread#1" [stack: 0x0000006a52600000,0x0000006a52700000] [id=18060]
  0x000001831ddb4d10 GCTaskThread "GC Thread#2" [stack: 0x0000006a52700000,0x0000006a52800000] [id=22036]
  0x000001831ddb4fc0 GCTaskThread "GC Thread#3" [stack: 0x0000006a52800000,0x0000006a52900000] [id=10184]
  0x000001831ded5040 GCTaskThread "GC Thread#4" [stack: 0x0000006a52900000,0x0000006a52a00000] [id=25476]
  0x000001831ded52f0 GCTaskThread "GC Thread#5" [stack: 0x0000006a52a00000,0x0000006a52b00000] [id=16448]
  0x000001831ded65c0 GCTaskThread "GC Thread#6" [stack: 0x0000006a52b00000,0x0000006a52c00000] [id=5448]
  0x000001831e45bf80 GCTaskThread "GC Thread#7" [stack: 0x0000006a52c00000,0x0000006a52d00000] [id=23872]
  0x000001831e432bc0 GCTaskThread "GC Thread#8" [stack: 0x0000006a52d00000,0x0000006a52e00000] [id=9924]
  0x000001832052b0f0 GCTaskThread "GC Thread#9" [stack: 0x0000006a52f00000,0x0000006a53000000] [id=22152]
  0x000001832052b3a0 GCTaskThread "GC Thread#10" [stack: 0x0000006a53000000,0x0000006a53100000] [id=26908]
  0x00000183205298c0 GCTaskThread "GC Thread#11" [stack: 0x0000006a53100000,0x0000006a53200000] [id=7444]
  0x000001832052a0d0 GCTaskThread "GC Thread#12" [stack: 0x0000006a53200000,0x0000006a53300000] [id=22156]
  0x000001832052a380 GCTaskThread "GC Thread#13" [stack: 0x0000006a53300000,0x0000006a53400000] [id=14876]
  0x000001832052a8e0 GCTaskThread "GC Thread#14" [stack: 0x0000006a53400000,0x0000006a53500000] [id=26904]
  0x000001832052ab90 GCTaskThread "GC Thread#15" [stack: 0x0000006a53500000,0x0000006a53600000] [id=23700]
  0x000001832123aa60 GCTaskThread "GC Thread#16" [stack: 0x0000006a53600000,0x0000006a53700000] [id=10736]
  0x000001832123a250 GCTaskThread "GC Thread#17" [stack: 0x0000006a53700000,0x0000006a53800000] [id=24004]
  0x0000018321239cf0 GCTaskThread "GC Thread#18" [stack: 0x0000006a52500000,0x0000006a52600000] [id=27360]
  0x000001832123b7d0 GCTaskThread "GC Thread#19" [stack: 0x0000006a53d00000,0x0000006a53e00000] [id=3276]
  0x0000018321238f80 GCTaskThread "GC Thread#20" [stack: 0x0000006a53e00000,0x0000006a53f00000] [id=10628]
  0x000001832123ba80 GCTaskThread "GC Thread#21" [stack: 0x0000006a53f00000,0x0000006a54000000] [id=18024]
  0x000001832123a7b0 GCTaskThread "GC Thread#22" [stack: 0x0000006a54000000,0x0000006a54100000] [id=26844]
  0x0000018377d30740 ConcurrentGCThread "G1 Main Marker" [stack: 0x0000006a50e00000,0x0000006a50f00000] [id=8720]
  0x0000018377d93850 ConcurrentGCThread "G1 Conc#0" [stack: 0x0000006a50f00000,0x0000006a51000000] [id=14752]
  0x00000183212394e0 ConcurrentGCThread "G1 Conc#1" [stack: 0x0000006a53800000,0x0000006a53900000] [id=24248]
  0x000001832123ad10 ConcurrentGCThread "G1 Conc#2" [stack: 0x0000006a53900000,0x0000006a53a00000] [id=12368]
  0x0000018321237f60 ConcurrentGCThread "G1 Conc#3" [stack: 0x0000006a53a00000,0x0000006a53b00000] [id=26068]
  0x000001832123afc0 ConcurrentGCThread "G1 Conc#4" [stack: 0x0000006a53b00000,0x0000006a53c00000] [id=8760]
  0x0000018321238a20 ConcurrentGCThread "G1 Conc#5" [stack: 0x0000006a53c00000,0x0000006a53d00000] [id=26848]
  0x000001831c19b940 ConcurrentGCThread "G1 Refine#0" [stack: 0x0000006a51000000,0x0000006a51100000] [id=27004]
  0x000001831c19c260 ConcurrentGCThread "G1 Service" [stack: 0x0000006a51100000,0x0000006a51200000] [id=4624]

Threads with active compile tasks:
C2 CompilerThread2     4847 7966   !   4       java.lang.ClassLoader::loadClass (121 bytes)

VM state: not at safepoint (normal execution)

VM Mutex/Monitor currently owned by a thread: None

Heap address: 0x0000000705e00000, size: 4002 MB, Compressed Oops mode: Zero based, Oop shift amount: 3

CDS archive(s) mapped at: [0x0000000800000000-0x0000000800bd0000-0x0000000800bd0000), size 12386304, SharedBaseAddress: 0x0000000800000000, ArchiveRelocationMode: 0.
Compressed class space mapped at: 0x0000000800c00000-0x0000000840c00000, reserved size: 1073741824
Narrow klass base: 0x0000000800000000, Narrow klass shift: 0, Narrow klass range: 0x100000000

GC Precious Log:
 CPUs: 32 total, 32 available
 Memory: 16002M
 Large Page Support: Disabled
 NUMA Support: Disabled
 Compressed Oops: Enabled (Zero based)
 Heap Region Size: 2M
 Heap Min Capacity: 8M
 Heap Initial Capacity: 252M
 Heap Max Capacity: 4002M
 Pre-touch: Disabled
 Parallel Workers: 23
 Concurrent Workers: 6
 Concurrent Refinement Workers: 23
 Periodic GC: Disabled

Heap:
 garbage-first heap   total 212992K, used 88502K [0x0000000705e00000, 0x0000000800000000)
  region size 2048K, 21 young (43008K), 6 survivors (12288K)
 Metaspace       used 34462K, committed 34816K, reserved 1081344K
  class space    used 3926K, committed 4096K, reserved 1048576K

Heap Regions: E=young(eden), S=young(survivor), O=old, HS=humongous(starts), HC=humongous(continues), CS=collection set, F=free, OA=open archive, CA=closed archive, TAMS=top-at-mark-start (previous, next)
|   0|0x0000000705e00000, 0x0000000706000000, 0x0000000706000000|100%| O|  |TAMS 0x0000000706000000, 0x0000000706000000| Untracked 
|   1|0x0000000706000000, 0x0000000706200000, 0x0000000706200000|100%| O|  |TAMS 0x0000000706158600, 0x0000000706200000| Untracked 
|   2|0x0000000706200000, 0x0000000706400000, 0x0000000706400000|100%| O|  |TAMS 0x0000000706200000, 0x0000000706400000| Untracked 
|   3|0x0000000706400000, 0x0000000706600000, 0x0000000706600000|100%|HS|  |TAMS 0x0000000706600000, 0x0000000706600000| Complete 
|   4|0x0000000706600000, 0x0000000706800000, 0x0000000706800000|100%| O|  |TAMS 0x0000000706600000, 0x0000000706800000| Untracked 
|   5|0x0000000706800000, 0x0000000706a00000, 0x0000000706a00000|100%| O|  |TAMS 0x0000000706800000, 0x0000000706a00000| Untracked 
|   6|0x0000000706a00000, 0x0000000706c00000, 0x0000000706c00000|100%| O|  |TAMS 0x0000000706a00000, 0x0000000706c00000| Untracked 
|   7|0x0000000706c00000, 0x0000000706e00000, 0x0000000706e00000|100%| O|  |TAMS 0x0000000706c00000, 0x0000000706e00000| Untracked 
|   8|0x0000000706e00000, 0x0000000707000000, 0x0000000707000000|100%| O|  |TAMS 0x0000000706e00000, 0x0000000707000000| Untracked 
|   9|0x0000000707000000, 0x0000000707200000, 0x0000000707200000|100%| O|  |TAMS 0x0000000707000000, 0x0000000707200000| Untracked 
|  10|0x0000000707200000, 0x0000000707400000, 0x0000000707400000|100%| O|  |TAMS 0x0000000707200000, 0x0000000707400000| Untracked 
|  11|0x0000000707400000, 0x0000000707600000, 0x0000000707600000|100%| O|  |TAMS 0x0000000707400000, 0x0000000707600000| Untracked 
|  12|0x0000000707600000, 0x0000000707800000, 0x0000000707800000|100%| O|  |TAMS 0x0000000707600000, 0x0000000707800000| Untracked 
|  13|0x0000000707800000, 0x0000000707a00000, 0x0000000707a00000|100%| O|  |TAMS 0x0000000707800000, 0x0000000707a00000| Untracked 
|  14|0x0000000707a00000, 0x0000000707c00000, 0x0000000707c00000|100%| O|  |TAMS 0x0000000707a00000, 0x0000000707c00000| Untracked 
|  15|0x0000000707c00000, 0x0000000707e00000, 0x0000000707e00000|100%| O|  |TAMS 0x0000000707c00000, 0x0000000707e00000| Untracked 
|  16|0x0000000707e00000, 0x0000000707fe3a00, 0x0000000708000000| 94%| O|  |TAMS 0x0000000707e00000, 0x0000000707fe3a00| Untracked 
|  17|0x0000000708000000, 0x0000000708200000, 0x0000000708200000|100%|HS|  |TAMS 0x0000000708000000, 0x0000000708000000| Complete 
|  18|0x0000000708200000, 0x0000000708200000, 0x0000000708400000|  0%| F|  |TAMS 0x0000000708200000, 0x0000000708200000| Untracked 
|  19|0x0000000708400000, 0x0000000708400000, 0x0000000708600000|  0%| F|  |TAMS 0x0000000708400000, 0x0000000708400000| Untracked 
|  20|0x0000000708600000, 0x0000000708800000, 0x0000000708800000|100%| O|  |TAMS 0x0000000708600000, 0x0000000708800000| Untracked 
|  21|0x0000000708800000, 0x0000000708a00000, 0x0000000708a00000|100%| O|  |TAMS 0x0000000708800000, 0x0000000708a00000| Untracked 
|  22|0x0000000708a00000, 0x0000000708c00000, 0x0000000708c00000|100%| O|  |TAMS 0x0000000708a00000, 0x0000000708c00000| Untracked 
|  23|0x0000000708c00000, 0x0000000708e00000, 0x0000000708e00000|100%| O|  |TAMS 0x0000000708c00000, 0x0000000708e00000| Untracked 
|  24|0x0000000708e00000, 0x0000000708e00000, 0x0000000709000000|  0%| F|  |TAMS 0x0000000708e00000, 0x0000000708e00000| Untracked 
|  25|0x0000000709000000, 0x0000000709000000, 0x0000000709200000|  0%| F|  |TAMS 0x0000000709000000, 0x0000000709000000| Untracked 
|  26|0x0000000709200000, 0x0000000709200000, 0x0000000709400000|  0%| F|  |TAMS 0x0000000709200000, 0x0000000709200000| Untracked 
|  27|0x0000000709400000, 0x0000000709400000, 0x0000000709600000|  0%| F|  |TAMS 0x0000000709400000, 0x0000000709400000| Untracked 
|  28|0x0000000709600000, 0x0000000709600000, 0x0000000709800000|  0%| F|  |TAMS 0x0000000709600000, 0x0000000709600000| Untracked 
|  29|0x0000000709800000, 0x0000000709800000, 0x0000000709a00000|  0%| F|  |TAMS 0x0000000709800000, 0x0000000709800000| Untracked 
|  30|0x0000000709a00000, 0x0000000709a00000, 0x0000000709c00000|  0%| F|  |TAMS 0x0000000709a00000, 0x0000000709a00000| Untracked 
|  31|0x0000000709c00000, 0x0000000709c00000, 0x0000000709e00000|  0%| F|  |TAMS 0x0000000709c00000, 0x0000000709c00000| Untracked 
|  32|0x0000000709e00000, 0x0000000709e00000, 0x000000070a000000|  0%| F|  |TAMS 0x0000000709e00000, 0x0000000709e00000| Untracked 
|  33|0x000000070a000000, 0x000000070a000000, 0x000000070a200000|  0%| F|  |TAMS 0x000000070a000000, 0x000000070a000000| Untracked 
|  34|0x000000070a200000, 0x000000070a200000, 0x000000070a400000|  0%| F|  |TAMS 0x000000070a200000, 0x000000070a200000| Untracked 
|  35|0x000000070a400000, 0x000000070a400000, 0x000000070a600000|  0%| F|  |TAMS 0x000000070a400000, 0x000000070a400000| Untracked 
|  36|0x000000070a600000, 0x000000070a600000, 0x000000070a800000|  0%| F|  |TAMS 0x000000070a600000, 0x000000070a600000| Untracked 
|  37|0x000000070a800000, 0x000000070a800000, 0x000000070aa00000|  0%| F|  |TAMS 0x000000070a800000, 0x000000070a800000| Untracked 
|  38|0x000000070aa00000, 0x000000070aa00000, 0x000000070ac00000|  0%| F|  |TAMS 0x000000070aa00000, 0x000000070aa00000| Untracked 
|  39|0x000000070ac00000, 0x000000070ac00000, 0x000000070ae00000|  0%| F|  |TAMS 0x000000070ac00000, 0x000000070ac00000| Untracked 
|  40|0x000000070ae00000, 0x000000070ae00000, 0x000000070b000000|  0%| F|  |TAMS 0x000000070ae00000, 0x000000070ae00000| Untracked 
|  41|0x000000070b000000, 0x000000070b000000, 0x000000070b200000|  0%| F|  |TAMS 0x000000070b000000, 0x000000070b000000| Untracked 
|  42|0x000000070b200000, 0x000000070b200000, 0x000000070b400000|  0%| F|  |TAMS 0x000000070b200000, 0x000000070b200000| Untracked 
|  43|0x000000070b400000, 0x000000070b400000, 0x000000070b600000|  0%| F|  |TAMS 0x000000070b400000, 0x000000070b400000| Untracked 
|  44|0x000000070b600000, 0x000000070b600000, 0x000000070b800000|  0%| F|  |TAMS 0x000000070b600000, 0x000000070b600000| Untracked 
|  45|0x000000070b800000, 0x000000070b88a180, 0x000000070ba00000| 26%| S|CS|TAMS 0x000000070b800000, 0x000000070b800000| Complete 
|  46|0x000000070ba00000, 0x000000070bc00000, 0x000000070bc00000|100%| S|CS|TAMS 0x000000070ba00000, 0x000000070ba00000| Complete 
|  47|0x000000070bc00000, 0x000000070be00000, 0x000000070be00000|100%| S|CS|TAMS 0x000000070bc00000, 0x000000070bc00000| Complete 
|  48|0x000000070be00000, 0x000000070c000000, 0x000000070c000000|100%| S|CS|TAMS 0x000000070be00000, 0x000000070be00000| Complete 
|  49|0x000000070c000000, 0x000000070c200000, 0x000000070c200000|100%| S|CS|TAMS 0x000000070c000000, 0x000000070c000000| Complete 
|  50|0x000000070c200000, 0x000000070c400000, 0x000000070c400000|100%| S|CS|TAMS 0x000000070c200000, 0x000000070c200000| Complete 
|  51|0x000000070c400000, 0x000000070c400000, 0x000000070c600000|  0%| F|  |TAMS 0x000000070c400000, 0x000000070c400000| Untracked 
|  52|0x000000070c600000, 0x000000070c600000, 0x000000070c800000|  0%| F|  |TAMS 0x000000070c600000, 0x000000070c600000| Untracked 
|  53|0x000000070c800000, 0x000000070c800000, 0x000000070ca00000|  0%| F|  |TAMS 0x000000070c800000, 0x000000070c800000| Untracked 
|  54|0x000000070ca00000, 0x000000070ca00000, 0x000000070cc00000|  0%| F|  |TAMS 0x000000070ca00000, 0x000000070ca00000| Untracked 
|  55|0x000000070cc00000, 0x000000070cc00000, 0x000000070ce00000|  0%| F|  |TAMS 0x000000070cc00000, 0x000000070cc00000| Untracked 
|  56|0x000000070ce00000, 0x000000070ce00000, 0x000000070d000000|  0%| F|  |TAMS 0x000000070ce00000, 0x000000070ce00000| Untracked 
|  57|0x000000070d000000, 0x000000070d000000, 0x000000070d200000|  0%| F|  |TAMS 0x000000070d000000, 0x000000070d000000| Untracked 
|  58|0x000000070d200000, 0x000000070d200000, 0x000000070d400000|  0%| F|  |TAMS 0x000000070d200000, 0x000000070d200000| Untracked 
|  59|0x000000070d400000, 0x000000070d400000, 0x000000070d600000|  0%| F|  |TAMS 0x000000070d400000, 0x000000070d400000| Untracked 
|  60|0x000000070d600000, 0x000000070d600000, 0x000000070d800000|  0%| F|  |TAMS 0x000000070d600000, 0x000000070d600000| Untracked 
|  61|0x000000070d800000, 0x000000070d800000, 0x000000070da00000|  0%| F|  |TAMS 0x000000070d800000, 0x000000070d800000| Untracked 
|  62|0x000000070da00000, 0x000000070da00000, 0x000000070dc00000|  0%| F|  |TAMS 0x000000070da00000, 0x000000070da00000| Untracked 
|  63|0x000000070dc00000, 0x000000070dc00000, 0x000000070de00000|  0%| F|  |TAMS 0x000000070dc00000, 0x000000070dc00000| Untracked 
|  64|0x000000070de00000, 0x000000070de00000, 0x000000070e000000|  0%| F|  |TAMS 0x000000070de00000, 0x000000070de00000| Untracked 
|  65|0x000000070e000000, 0x000000070e000000, 0x000000070e200000|  0%| F|  |TAMS 0x000000070e000000, 0x000000070e000000| Untracked 
|  66|0x000000070e200000, 0x000000070e200000, 0x000000070e400000|  0%| F|  |TAMS 0x000000070e200000, 0x000000070e200000| Untracked 
|  67|0x000000070e400000, 0x000000070e400000, 0x000000070e600000|  0%| F|  |TAMS 0x000000070e400000, 0x000000070e400000| Untracked 
|  68|0x000000070e600000, 0x000000070e600000, 0x000000070e800000|  0%| F|  |TAMS 0x000000070e600000, 0x000000070e600000| Untracked 
|  69|0x000000070e800000, 0x000000070e800000, 0x000000070ea00000|  0%| F|  |TAMS 0x000000070e800000, 0x000000070e800000| Untracked 
|  70|0x000000070ea00000, 0x000000070ea00000, 0x000000070ec00000|  0%| F|  |TAMS 0x000000070ea00000, 0x000000070ea00000| Untracked 
|  71|0x000000070ec00000, 0x000000070ec00000, 0x000000070ee00000|  0%| F|  |TAMS 0x000000070ec00000, 0x000000070ec00000| Untracked 
|  72|0x000000070ee00000, 0x000000070ee00000, 0x000000070f000000|  0%| F|  |TAMS 0x000000070ee00000, 0x000000070ee00000| Untracked 
|  73|0x000000070f000000, 0x000000070f000000, 0x000000070f200000|  0%| F|  |TAMS 0x000000070f000000, 0x000000070f000000| Untracked 
|  74|0x000000070f200000, 0x000000070f200000, 0x000000070f400000|  0%| F|  |TAMS 0x000000070f200000, 0x000000070f200000| Untracked 
|  75|0x000000070f400000, 0x000000070f400000, 0x000000070f600000|  0%| F|  |TAMS 0x000000070f400000, 0x000000070f400000| Untracked 
|  76|0x000000070f600000, 0x000000070f600000, 0x000000070f800000|  0%| F|  |TAMS 0x000000070f600000, 0x000000070f600000| Untracked 
|  77|0x000000070f800000, 0x000000070f800000, 0x000000070fa00000|  0%| F|  |TAMS 0x000000070f800000, 0x000000070f800000| Untracked 
|  78|0x000000070fa00000, 0x000000070fa00000, 0x000000070fc00000|  0%| F|  |TAMS 0x000000070fa00000, 0x000000070fa00000| Untracked 
|  79|0x000000070fc00000, 0x000000070fc00000, 0x000000070fe00000|  0%| F|  |TAMS 0x000000070fc00000, 0x000000070fc00000| Untracked 
|  80|0x000000070fe00000, 0x000000070fe00000, 0x0000000710000000|  0%| F|  |TAMS 0x000000070fe00000, 0x000000070fe00000| Untracked 
|  81|0x0000000710000000, 0x0000000710000000, 0x0000000710200000|  0%| F|  |TAMS 0x0000000710000000, 0x0000000710000000| Untracked 
|  82|0x0000000710200000, 0x0000000710200000, 0x0000000710400000|  0%| F|  |TAMS 0x0000000710200000, 0x0000000710200000| Untracked 
|  83|0x0000000710400000, 0x0000000710400000, 0x0000000710600000|  0%| F|  |TAMS 0x0000000710400000, 0x0000000710400000| Untracked 
|  84|0x0000000710600000, 0x0000000710600000, 0x0000000710800000|  0%| F|  |TAMS 0x0000000710600000, 0x0000000710600000| Untracked 
|  85|0x0000000710800000, 0x0000000710800000, 0x0000000710a00000|  0%| F|  |TAMS 0x0000000710800000, 0x0000000710800000| Untracked 
|  86|0x0000000710a00000, 0x0000000710a00000, 0x0000000710c00000|  0%| F|  |TAMS 0x0000000710a00000, 0x0000000710a00000| Untracked 
|  87|0x0000000710c00000, 0x0000000710c60ca8, 0x0000000710e00000| 18%| E|  |TAMS 0x0000000710c00000, 0x0000000710c00000| Complete 
|  88|0x0000000710e00000, 0x0000000711000000, 0x0000000711000000|100%| E|CS|TAMS 0x0000000710e00000, 0x0000000710e00000| Complete 
|  89|0x0000000711000000, 0x0000000711200000, 0x0000000711200000|100%| E|CS|TAMS 0x0000000711000000, 0x0000000711000000| Complete 
|  90|0x0000000711200000, 0x0000000711400000, 0x0000000711400000|100%| E|CS|TAMS 0x0000000711200000, 0x0000000711200000| Complete 
|  91|0x0000000711400000, 0x0000000711600000, 0x0000000711600000|100%| E|CS|TAMS 0x0000000711400000, 0x0000000711400000| Complete 
|  92|0x0000000711600000, 0x0000000711800000, 0x0000000711800000|100%| E|CS|TAMS 0x0000000711600000, 0x0000000711600000| Complete 
|  93|0x0000000711800000, 0x0000000711a00000, 0x0000000711a00000|100%| E|CS|TAMS 0x0000000711800000, 0x0000000711800000| Complete 
|  94|0x0000000711a00000, 0x0000000711c00000, 0x0000000711c00000|100%| E|CS|TAMS 0x0000000711a00000, 0x0000000711a00000| Complete 
|  95|0x0000000711c00000, 0x0000000711e00000, 0x0000000711e00000|100%| E|CS|TAMS 0x0000000711c00000, 0x0000000711c00000| Complete 
|  96|0x0000000711e00000, 0x0000000712000000, 0x0000000712000000|100%| E|CS|TAMS 0x0000000711e00000, 0x0000000711e00000| Complete 
|  97|0x0000000712000000, 0x0000000712200000, 0x0000000712200000|100%| E|CS|TAMS 0x0000000712000000, 0x0000000712000000| Complete 
|  98|0x0000000712200000, 0x0000000712400000, 0x0000000712400000|100%| E|CS|TAMS 0x0000000712200000, 0x0000000712200000| Complete 
|  99|0x0000000712400000, 0x0000000712600000, 0x0000000712600000|100%| E|CS|TAMS 0x0000000712400000, 0x0000000712400000| Complete 
| 100|0x0000000712600000, 0x0000000712800000, 0x0000000712800000|100%| E|CS|TAMS 0x0000000712600000, 0x0000000712600000| Complete 
| 125|0x0000000715800000, 0x0000000715a00000, 0x0000000715a00000|100%| E|CS|TAMS 0x0000000715800000, 0x0000000715800000| Complete 
|1999|0x00000007ffc00000, 0x00000007ffe00000, 0x00000007ffe00000|100%| O|  |TAMS 0x00000007ffc00000, 0x00000007ffe00000| Untracked 
|2000|0x00000007ffe00000, 0x0000000800000000, 0x0000000800000000|100%| O|  |TAMS 0x00000007ffe00000, 0x0000000800000000| Untracked 

Card table byte_map: [0x0000018310170000,0x0000018310950000] _byte_map_base: 0x000001830c941000

Marking Bits (Prev, Next): (CMBitMap*) 0x0000018377d82e50, (CMBitMap*) 0x0000018377d82e10
 Prev Bits: [0x0000018314fc0000, 0x0000018318e48000)
 Next Bits: [0x0000018311130000, 0x0000018314fb8000)

Polling page: 0x00000183774e0000

Metaspace:

Usage:
  Non-class:     29.83 MB used.
      Class:      3.84 MB used.
       Both:     33.67 MB used.

Virtual space:
  Non-class space:       32.00 MB reserved,      30.00 MB ( 94%) committed,  4 nodes.
      Class space:        1.00 GB reserved,       4.00 MB ( <1%) committed,  1 nodes.
             Both:        1.03 GB reserved,      34.00 MB (  3%) committed. 

Chunk freelists:
   Non-Class:  1.38 MB
       Class:  3.94 MB
        Both:  5.31 MB

MaxMetaspaceSize: unlimited
CompressedClassSpaceSize: 1.00 GB
Initial GC threshold: 21.00 MB
Current GC threshold: 35.12 MB
CDS: on
MetaspaceReclaimPolicy: balanced
 - commit_granule_bytes: 65536.
 - commit_granule_words: 8192.
 - virtual_space_node_default_size: 1048576.
 - enlarge_chunks_in_place: 1.
 - new_chunks_are_fully_committed: 0.
 - uncommit_free_chunks: 1.
 - use_allocation_guard: 0.
 - handle_deallocations: 1.


Internal statistics:

num_allocs_failed_limit: 3.
num_arena_births: 220.
num_arena_deaths: 0.
num_vsnodes_births: 5.
num_vsnodes_deaths: 0.
num_space_committed: 544.
num_space_uncommitted: 0.
num_chunks_returned_to_freelist: 3.
num_chunks_taken_from_freelist: 1483.
num_chunk_merges: 3.
num_chunk_splits: 1034.
num_chunks_enlarged: 800.
num_purges: 0.
num_inconsistent_stats: 0.

CodeHeap 'non-profiled nmethods': size=118848Kb used=4724Kb max_used=4724Kb free=114123Kb
 bounds [0x0000018307bf0000, 0x0000018308090000, 0x000001830f000000]
CodeHeap 'profiled nmethods': size=118848Kb used=16208Kb max_used=16208Kb free=102640Kb
 bounds [0x0000018300000000, 0x0000018300fe0000, 0x0000018307410000]
CodeHeap 'non-nmethods': size=8064Kb used=3504Kb max_used=3555Kb free=4559Kb
 bounds [0x0000018307410000, 0x0000018307790000, 0x0000018307bf0000]
 total_blobs=7852 nmethods=7284 adapters=476
 compilation: enabled
              stopped_count=0, restarted_count=0
 full_count=0

Compilation events (20 events):
Event: 4.819 Thread 0x000001831ce05090 8062       1       org.apache.maven.surefire.api.stream.AbstractStreamDecoder$Memento::access$000 (5 bytes)
Event: 4.819 Thread 0x000001831dbabc00 8063       1       org.apache.maven.surefire.api.stream.AbstractStreamDecoder$Memento::getLine (5 bytes)
Event: 4.819 Thread 0x000001831cb2c030 8065       1       org.apache.maven.surefire.api.stream.AbstractStreamDecoder$MalformedFrameException::readFrom (5 bytes)
Event: 4.819 Thread 0x000001831dbab6f0 8064       1       org.apache.maven.surefire.api.stream.AbstractStreamDecoder$Memento::getByteBuffer (5 bytes)
Event: 4.819 Thread 0x000001831dbabc00 nmethod 8063 0x000001830808ae90 code [0x000001830808b020, 0x000001830808b0f8]
Event: 4.819 Thread 0x000001831cb2c030 nmethod 8065 0x000001830808b190 code [0x000001830808b320, 0x000001830808b3f8]
Event: 4.819 Thread 0x000001831ce05090 nmethod 8062 0x000001830808b490 code [0x000001830808b620, 0x000001830808b6d8]
Event: 4.819 Thread 0x000001831dbab6f0 nmethod 8064 0x000001830808b790 code [0x000001830808b920, 0x000001830808b9f8]
Event: 4.819 Thread 0x000001831cb2c030 8066  s    1       java.lang.StringBuffer::length (5 bytes)
Event: 4.819 Thread 0x000001831dbabc00 8067       3       java.nio.CharBuffer::flip (7 bytes)
Event: 4.819 Thread 0x000001831cb2c030 nmethod 8066 0x000001830808ba90 code [0x000001830808bc20, 0x000001830808bd98]
Event: 4.819 Thread 0x000001831dbabc00 nmethod 8067 0x0000018300fd2b90 code [0x0000018300fd2d20, 0x0000018300fd2e98]
Event: 4.819 Thread 0x000001831cb2c030 8068       1       org.apache.maven.surefire.api.stream.AbstractStreamDecoder$BufferedStream::getPositionByteBuffer (5 bytes)
Event: 4.819 Thread 0x000001831c28f3d0 8069       1       org.apache.maven.surefire.api.stream.AbstractStreamDecoder$MalformedFrameException::readTo (5 bytes)
Event: 4.819 Thread 0x000001831cb2c030 nmethod 8068 0x000001830808be10 code [0x000001830808bfa0, 0x000001830808c078]
Event: 4.819 Thread 0x000001831c28f3d0 nmethod 8069 0x000001830808c110 code [0x000001830808c2a0, 0x000001830808c378]
Event: 4.819 Thread 0x000001831dbab6f0 8070       3       java.util.Calendar::internalGet (7 bytes)
Event: 4.819 Thread 0x000001831dbab6f0 nmethod 8070 0x0000018300fd2f90 code [0x0000018300fd3120, 0x0000018300fd3258]
Event: 4.819 Thread 0x000001831dc40f20 8071       4       java.nio.CharBuffer::arrayOffset (35 bytes)
Event: 4.820 Thread 0x000001831dc40f20 nmethod 8071 0x000001830808c410 code [0x000001830808c580, 0x000001830808c638]

GC Heap History (20 events):
Event: 0.390 GC heap before
{Heap before GC invocations=0 (full 0):
 garbage-first heap   total 258048K, used 22528K [0x0000000705e00000, 0x0000000800000000)
  region size 2048K, 11 young (22528K), 0 survivors (0K)
 Metaspace       used 5452K, committed 5696K, reserved 1056768K
  class space    used 650K, committed 768K, reserved 1048576K
}
Event: 0.392 GC heap after
{Heap after GC invocations=1 (full 0):
 garbage-first heap   total 258048K, used 3895K [0x0000000705e00000, 0x0000000800000000)
  region size 2048K, 2 young (4096K), 2 survivors (4096K)
 Metaspace       used 5452K, committed 5696K, reserved 1056768K
  class space    used 650K, committed 768K, reserved 1048576K
}
Event: 0.633 GC heap before
{Heap before GC invocations=1 (full 0):
 garbage-first heap   total 258048K, used 36663K [0x0000000705e00000, 0x0000000800000000)
  region size 2048K, 18 young (36864K), 2 survivors (4096K)
 Metaspace       used 9732K, committed 9920K, reserved 1064960K
  class space    used 1176K, committed 1280K, reserved 1048576K
}
Event: 0.635 GC heap after
{Heap after GC invocations=2 (full 0):
 garbage-first heap   total 258048K, used 5434K [0x0000000705e00000, 0x0000000800000000)
  region size 2048K, 1 young (2048K), 1 survivors (2048K)
 Metaspace       used 9732K, committed 9920K, reserved 1064960K
  class space    used 1176K, committed 1280K, reserved 1048576K
}
Event: 1.956 GC heap before
{Heap before GC invocations=2 (full 0):
 garbage-first heap   total 258048K, used 156986K [0x0000000705e00000, 0x0000000800000000)
  region size 2048K, 75 young (153600K), 1 survivors (2048K)
 Metaspace       used 16462K, committed 16640K, reserved 1064960K
  class space    used 1867K, committed 1920K, reserved 1048576K
}
Event: 1.962 GC heap after
{Heap after GC invocations=3 (full 0):
 garbage-first heap   total 258048K, used 16753K [0x0000000705e00000, 0x0000000800000000)
  region size 2048K, 7 young (14336K), 7 survivors (14336K)
 Metaspace       used 16462K, committed 16640K, reserved 1064960K
  class space    used 1867K, committed 1920K, reserved 1048576K
}
Event: 2.733 GC heap before
{Heap before GC invocations=3 (full 0):
 garbage-first heap   total 258048K, used 86385K [0x0000000705e00000, 0x0000000800000000)
  region size 2048K, 40 young (81920K), 7 survivors (14336K)
 Metaspace       used 21193K, committed 21504K, reserved 1073152K
  class space    used 2396K, committed 2560K, reserved 1048576K
}
Event: 2.738 GC heap after
{Heap after GC invocations=4 (full 0):
 garbage-first heap   total 258048K, used 26164K [0x0000000705e00000, 0x0000000800000000)
  region size 2048K, 4 young (8192K), 4 survivors (8192K)
 Metaspace       used 21193K, committed 21504K, reserved 1073152K
  class space    used 2396K, committed 2560K, reserved 1048576K
}
Event: 3.236 GC heap before
{Heap before GC invocations=5 (full 0):
 garbage-first heap   total 102400K, used 77364K [0x0000000705e00000, 0x0000000800000000)
  region size 2048K, 30 young (61440K), 4 survivors (8192K)
 Metaspace       used 26650K, committed 27008K, reserved 1073152K
  class space    used 3051K, committed 3200K, reserved 1048576K
}
Event: 3.242 GC heap after
{Heap after GC invocations=6 (full 0):
 garbage-first heap   total 106496K, used 42206K [0x0000000705e00000, 0x0000000800000000)
  region size 2048K, 4 young (8192K), 4 survivors (8192K)
 Metaspace       used 26650K, committed 27008K, reserved 1073152K
  class space    used 3051K, committed 3200K, reserved 1048576K
}
Event: 3.251 GC heap before
{Heap before GC invocations=6 (full 0):
 garbage-first heap   total 106496K, used 44254K [0x0000000705e00000, 0x0000000800000000)
  region size 2048K, 5 young (10240K), 4 survivors (8192K)
 Metaspace       used 26692K, committed 27008K, reserved 1073152K
  class space    used 3054K, committed 3200K, reserved 1048576K
}
Event: 3.255 GC heap after
{Heap after GC invocations=7 (full 0):
 garbage-first heap   total 106496K, used 43981K [0x0000000705e00000, 0x0000000800000000)
  region size 2048K, 1 young (2048K), 1 survivors (2048K)
 Metaspace       used 26692K, committed 27008K, reserved 1073152K
  class space    used 3054K, committed 3200K, reserved 1048576K
}
Event: 3.467 GC heap before
{Heap before GC invocations=7 (full 0):
 garbage-first heap   total 106496K, used 72653K [0x0000000705e00000, 0x0000000800000000)
  region size 2048K, 16 young (32768K), 1 survivors (2048K)
 Metaspace       used 27864K, committed 28160K, reserved 1081344K
  class space    used 3178K, committed 3328K, reserved 1048576K
}
Event: 3.472 GC heap after
{Heap after GC invocations=8 (full 0):
 garbage-first heap   total 106496K, used 46844K [0x0000000705e00000, 0x0000000800000000)
  region size 2048K, 2 young (4096K), 2 survivors (4096K)
 Metaspace       used 27864K, committed 28160K, reserved 1081344K
  class space    used 3178K, committed 3328K, reserved 1048576K
}
Event: 3.747 GC heap before
{Heap before GC invocations=8 (full 0):
 garbage-first heap   total 106496K, used 75516K [0x0000000705e00000, 0x0000000800000000)
  region size 2048K, 17 young (34816K), 2 survivors (4096K)
 Metaspace       used 29886K, committed 30272K, reserved 1081344K
  class space    used 3425K, committed 3584K, reserved 1048576K
}
Event: 3.752 GC heap after
{Heap after GC invocations=9 (full 0):
 garbage-first heap   total 106496K, used 48966K [0x0000000705e00000, 0x0000000800000000)
  region size 2048K, 1 young (2048K), 1 survivors (2048K)
 Metaspace       used 29886K, committed 30272K, reserved 1081344K
  class space    used 3425K, committed 3584K, reserved 1048576K
}
Event: 3.852 GC heap before
{Heap before GC invocations=9 (full 0):
 garbage-first heap   total 106496K, used 53062K [0x0000000705e00000, 0x0000000800000000)
  region size 2048K, 4 young (8192K), 1 survivors (2048K)
 Metaspace       used 29910K, committed 30272K, reserved 1081344K
  class space    used 3425K, committed 3584K, reserved 1048576K
}
Event: 3.856 GC heap after
{Heap after GC invocations=10 (full 0):
 garbage-first heap   total 212992K, used 48786K [0x0000000705e00000, 0x0000000800000000)
  region size 2048K, 1 young (2048K), 1 survivors (2048K)
 Metaspace       used 29910K, committed 30272K, reserved 1081344K
  class space    used 3425K, committed 3584K, reserved 1048576K
}
Event: 4.551 GC heap before
{Heap before GC invocations=10 (full 0):
 garbage-first heap   total 212992K, used 153234K [0x0000000705e00000, 0x0000000800000000)
  region size 2048K, 51 young (104448K), 1 survivors (2048K)
 Metaspace       used 31416K, committed 31808K, reserved 1081344K
  class space    used 3587K, committed 3712K, reserved 1048576K
}
Event: 4.555 GC heap after
{Heap after GC invocations=11 (full 0):
 garbage-first heap   total 212992K, used 59830K [0x0000000705e00000, 0x0000000800000000)
  region size 2048K, 6 young (12288K), 6 survivors (12288K)
 Metaspace       used 31416K, committed 31808K, reserved 1081344K
  class space    used 3587K, committed 3712K, reserved 1048576K
}

Deoptimization events (20 events):
Event: 4.817 Thread 0x000001831cc05c00 Uncommon trap: trap_request=0xffffffc6 fr.pc=0x0000018307d33738 relative=0x0000000000000118
Event: 4.817 Thread 0x000001831cc05c00 Uncommon trap: reason=bimorphic_or_optimized_type_check action=maybe_recompile pc=0x0000018307d33738 method=java.lang.Character.codePointAt(Ljava/lang/CharSequence;I)I @ 2 c2
Event: 4.817 Thread 0x000001831cc05c00 DEOPT PACKING pc=0x0000018307d33738 sp=0x0000006a544ff0e0
Event: 4.817 Thread 0x000001831cc05c00 DEOPT UNPACKING pc=0x00000183074623a3 sp=0x0000006a544ff078 mode 2
Event: 4.817 Thread 0x000001831cc05c00 Uncommon trap: trap_request=0xffffffc6 fr.pc=0x0000018307d33738 relative=0x0000000000000118
Event: 4.817 Thread 0x000001831cc05c00 Uncommon trap: reason=bimorphic_or_optimized_type_check action=maybe_recompile pc=0x0000018307d33738 method=java.lang.Character.codePointAt(Ljava/lang/CharSequence;I)I @ 2 c2
Event: 4.817 Thread 0x000001831cc05c00 DEOPT PACKING pc=0x0000018307d33738 sp=0x0000006a544ff0e0
Event: 4.817 Thread 0x000001831cc05c00 DEOPT UNPACKING pc=0x00000183074623a3 sp=0x0000006a544ff078 mode 2
Event: 4.817 Thread 0x000001831cc05c00 Uncommon trap: trap_request=0xffffff45 fr.pc=0x0000018307d5abf8 relative=0x0000000000000078
Event: 4.817 Thread 0x000001831cc05c00 Uncommon trap: reason=unstable_if action=reinterpret pc=0x0000018307d5abf8 method=java.util.regex.Pattern.lambda$DOT$4(I)Z @ 3 c2
Event: 4.817 Thread 0x000001831cc05c00 DEOPT PACKING pc=0x0000018307d5abf8 sp=0x0000006a544ff0f0
Event: 4.817 Thread 0x000001831cc05c00 DEOPT UNPACKING pc=0x00000183074623a3 sp=0x0000006a544ff028 mode 2
Event: 4.817 Thread 0x000001831cc05c00 Uncommon trap: trap_request=0xffffffc6 fr.pc=0x0000018308081a2c relative=0x00000000000007ac
Event: 4.817 Thread 0x000001831cc05c00 Uncommon trap: reason=bimorphic_or_optimized_type_check action=maybe_recompile pc=0x0000018308081a2c method=java.util.regex.Pattern$Slice.match(Ljava/util/regex/Matcher;ILjava/lang/CharSequence;)Z @ 49 c2
Event: 4.817 Thread 0x000001831cc05c00 DEOPT PACKING pc=0x0000018308081a2c sp=0x0000006a544ff040
Event: 4.817 Thread 0x000001831cc05c00 DEOPT UNPACKING pc=0x00000183074623a3 sp=0x0000006a544fef78 mode 2
Event: 4.817 Thread 0x000001831cc05c00 Uncommon trap: trap_request=0xffffffc6 fr.pc=0x0000018307d5745c relative=0x000000000000021c
Event: 4.817 Thread 0x000001831cc05c00 Uncommon trap: reason=bimorphic_or_optimized_type_check action=maybe_recompile pc=0x0000018307d5745c method=java.util.regex.Pattern$BmpCharProperty.match(Ljava/util/regex/Matcher;ILjava/lang/CharSequence;)Z @ 14 c2
Event: 4.817 Thread 0x000001831cc05c00 DEOPT PACKING pc=0x0000018307d5745c sp=0x0000006a544fefc0
Event: 4.817 Thread 0x000001831cc05c00 DEOPT UNPACKING pc=0x00000183074623a3 sp=0x0000006a544fef80 mode 2

Classes unloaded (0 events):
No events

Classes redefined (0 events):
No events

Internal exceptions (20 events):
Event: 4.471 Thread 0x0000018377d16a10 Exception <a 'sun/nio/fs/WindowsException'{0x000000070cc33b38}> (0x000000070cc33b38) 
thrown [s\open\src\hotspot\share\prims\jni.cpp, line 516]
Event: 4.471 Thread 0x0000018377d16a10 Exception <a 'sun/nio/fs/WindowsException'{0x000000070cc34b08}> (0x000000070cc34b08) 
thrown [s\open\src\hotspot\share\prims\jni.cpp, line 516]
Event: 4.471 Thread 0x0000018377d16a10 Exception <a 'sun/nio/fs/WindowsException'{0x000000070cc34dd8}> (0x000000070cc34dd8) 
thrown [s\open\src\hotspot\share\prims\jni.cpp, line 516]
Event: 4.473 Thread 0x0000018377d16a10 Exception <a 'sun/nio/fs/WindowsException'{0x000000070cd17260}> (0x000000070cd17260) 
thrown [s\open\src\hotspot\share\prims\jni.cpp, line 516]
Event: 4.474 Thread 0x0000018377d16a10 Exception <a 'sun/nio/fs/WindowsException'{0x000000070cd2d810}> (0x000000070cd2d810) 
thrown [s\open\src\hotspot\share\prims\jni.cpp, line 516]
Event: 4.475 Thread 0x0000018377d16a10 Exception <a 'sun/nio/fs/WindowsException'{0x000000070cd47550}> (0x000000070cd47550) 
thrown [s\open\src\hotspot\share\prims\jni.cpp, line 516]
Event: 4.476 Thread 0x0000018377d16a10 Exception <a 'sun/nio/fs/WindowsException'{0x000000070cd47c70}> (0x000000070cd47c70) 
thrown [s\open\src\hotspot\share\prims\jni.cpp, line 516]
Event: 4.476 Thread 0x0000018377d16a10 Exception <a 'sun/nio/fs/WindowsException'{0x000000070cd48230}> (0x000000070cd48230) 
thrown [s\open\src\hotspot\share\prims\jni.cpp, line 516]
Event: 4.476 Thread 0x0000018377d16a10 Exception <a 'sun/nio/fs/WindowsException'{0x000000070cd48930}> (0x000000070cd48930) 
thrown [s\open\src\hotspot\share\prims\jni.cpp, line 516]
Event: 4.476 Thread 0x0000018377d16a10 Exception <a 'sun/nio/fs/WindowsException'{0x000000070cd48be8}> (0x000000070cd48be8) 
thrown [s\open\src\hotspot\share\prims\jni.cpp, line 516]
Event: 4.476 Thread 0x0000018377d16a10 Exception <a 'sun/nio/fs/WindowsException'{0x000000070cd49850}> (0x000000070cd49850) 
thrown [s\open\src\hotspot\share\prims\jni.cpp, line 516]
Event: 4.476 Thread 0x0000018377d16a10 Exception <a 'sun/nio/fs/WindowsException'{0x000000070cd49ad8}> (0x000000070cd49ad8) 
thrown [s\open\src\hotspot\share\prims\jni.cpp, line 516]
Event: 4.476 Thread 0x0000018377d16a10 Exception <a 'sun/nio/fs/WindowsException'{0x000000070cd4a738}> (0x000000070cd4a738) 
thrown [s\open\src\hotspot\share\prims\jni.cpp, line 516]
Event: 4.627 Thread 0x000001831cc08280 Exception <a 'java/lang/NoSuchMethodError'{0x0000000711f2bfa0}: 'java.lang.Object java.lang.invoke.DirectMethodHandle$Holder.invokeStatic(java.lang.Object, java.lang.Object, long, java.lang.Object)'> (0x0000000711f2bfa0) 
thrown [s\open\src\hotspot\share\interpreter\linkResolver.cpp, line 759]
Event: 4.627 Thread 0x000001831cc08280 Exception <a 'java/lang/NoSuchMethodError'{0x0000000711f2f778}: 'java.lang.Object java.lang.invoke.DirectMethodHandle$Holder.invokeStaticInit(java.lang.Object, java.lang.Object, long, java.lang.Object)'> (0x0000000711f2f778) 
thrown [s\open\src\hotspot\share\interpreter\linkResolver.cpp, line 759]
Event: 4.627 Thread 0x000001831cc08280 Exception <a 'java/lang/NoSuchMethodError'{0x0000000711f35dc0}: 'java.lang.Object java.lang.invoke.DirectMethodHandle$Holder.newInvokeSpecial(java.lang.Object, java.lang.Object, long)'> (0x0000000711f35dc0) 
thrown [s\open\src\hotspot\share\interpreter\linkResolver.cpp, line 759]
Event: 4.628 Thread 0x000001831cc08280 Exception <a 'java/lang/NoSuchMethodError'{0x0000000711f39930}: 'java.lang.Object java.lang.invoke.Invokers$Holder.linkToTargetMethod(java.lang.Object, long, java.lang.Object)'> (0x0000000711f39930) 
thrown [s\open\src\hotspot\share\interpreter\linkResolver.cpp, line 759]
Event: 4.672 Thread 0x0000018377d16a10 Exception <a 'java/lang/NoSuchMethodError'{0x0000000711ce92e8}: 'java.lang.Object java.lang.invoke.DirectMethodHandle$Holder.invokeStaticInit(java.lang.Object, java.lang.Object, int, int, int, int)'> (0x0000000711ce92e8) 
thrown [s\open\src\hotspot\share\interpreter\linkResolver.cpp, line 759]
Event: 4.779 Thread 0x0000018377d16a10 Exception <a 'java/lang/NoSuchMethodError'{0x0000000711093390}: 'void java.lang.invoke.DirectMethodHandle$Holder.invokeStatic(java.lang.Object, long)'> (0x0000000711093390) 
thrown [s\open\src\hotspot\share\interpreter\linkResolver.cpp, line 759]
Event: 4.780 Thread 0x0000018377d16a10 Exception <a 'java/lang/NoSuchMethodError'{0x00000007110988e8}: 'java.lang.Object java.lang.invoke.DirectMethodHandle$Holder.newInvokeSpecial(java.lang.Object, long)'> (0x00000007110988e8) 
thrown [s\open\src\hotspot\share\interpreter\linkResolver.cpp, line 759]

VM Operations (20 events):
Event: 4.618 Executing VM operation: HandshakeAllThreads
Event: 4.618 Executing VM operation: HandshakeAllThreads done
Event: 4.626 Executing VM operation: HandshakeAllThreads
Event: 4.626 Executing VM operation: HandshakeAllThreads done
Event: 4.649 Executing VM operation: HandshakeAllThreads
Event: 4.649 Executing VM operation: HandshakeAllThreads done
Event: 4.743 Executing VM operation: HandshakeAllThreads
Event: 4.743 Executing VM operation: HandshakeAllThreads done
Event: 4.748 Executing VM operation: HandshakeAllThreads
Event: 4.748 Executing VM operation: HandshakeAllThreads done
Event: 4.754 Executing VM operation: HandshakeAllThreads
Event: 4.754 Executing VM operation: HandshakeAllThreads done
Event: 4.755 Executing VM operation: HandshakeAllThreads
Event: 4.755 Executing VM operation: HandshakeAllThreads done
Event: 4.771 Executing VM operation: HandshakeAllThreads
Event: 4.771 Executing VM operation: HandshakeAllThreads done
Event: 4.781 Executing VM operation: HandshakeAllThreads
Event: 4.781 Executing VM operation: HandshakeAllThreads done
Event: 4.783 Executing VM operation: HandshakeAllThreads
Event: 4.783 Executing VM operation: HandshakeAllThreads done

Events (20 events):
Event: 4.781 loading class jdk/internal/event/Event
Event: 4.782 loading class jdk/internal/event/Event done
Event: 4.782 loading class jdk/internal/event/ProcessStartEvent done
Event: 4.782 loading class java/nio/channels/ClosedChannelException
Event: 4.782 loading class java/nio/channels/ClosedChannelException done
Event: 4.783 loading class java/nio/channels/NonReadableChannelException
Event: 4.783 loading class java/nio/channels/NonReadableChannelException done
Event: 4.784 loading class java/nio/channels/NonWritableChannelException
Event: 4.784 loading class java/nio/channels/NonWritableChannelException done
Event: 4.790 Thread 0x000001831cc05c00 Thread added: 0x000001831cc05c00
Event: 4.790 Thread 0x000001831cc06a70 Thread added: 0x000001831cc06a70
Event: 4.790 loading class java/util/Scanner
Event: 4.790 loading class java/util/Scanner done
Event: 4.792 loading class java/util/Scanner$PatternLRUCache
Event: 4.792 loading class java/util/Scanner$PatternLRUCache done
Event: 4.795 Thread 0x000001831cc078e0 Thread added: 0x000001831cc078e0
Event: 4.817 loading class java/util/regex/Matcher$ImmutableMatchResult
Event: 4.817 loading class java/util/regex/Matcher$ImmutableMatchResult done
Event: 4.818 loading class java/util/concurrent/atomic/Striped64$1
Event: 4.818 loading class java/util/concurrent/atomic/Striped64$1 done


Dynamic libraries:
0x00007ff6ca190000 - 0x00007ff6ca1a0000 	C:\Program Files\Java\jdk-17\bin\java.exe
0x00007ffc1af70000 - 0x00007ffc1b187000 	C:\Windows\SYSTEM32\ntdll.dll
0x00007ffc19c90000 - 0x00007ffc19d54000 	C:\Windows\System32\KERNEL32.DLL
0x00007ffc18470000 - 0x00007ffc1882a000 	C:\Windows\System32\KERNELBASE.dll
0x00007ffc18350000 - 0x00007ffc18461000 	C:\Windows\System32\ucrtbase.dll
0x00007ffc11520000 - 0x00007ffc11538000 	C:\Program Files\Java\jdk-17\bin\jli.dll
0x00007ffc11500000 - 0x00007ffc1151b000 	C:\Program Files\Java\jdk-17\bin\VCRUNTIME140.dll
0x00007ffc1a990000 - 0x00007ffc1aa42000 	C:\Windows\System32\ADVAPI32.dll
0x00007ffc19940000 - 0x00007ffc199e7000 	C:\Windows\System32\msvcrt.dll
0x00007ffc19da0000 - 0x00007ffc19e47000 	C:\Windows\System32\sechost.dll
0x00007ffc18970000 - 0x00007ffc18998000 	C:\Windows\System32\bcrypt.dll
0x00007ffc1a580000 - 0x00007ffc1a694000 	C:\Windows\System32\RPCRT4.dll
0x00007ffc1a780000 - 0x00007ffc1a92e000 	C:\Windows\System32\USER32.dll
0x00007ffc18c30000 - 0x00007ffc18c56000 	C:\Windows\System32\win32u.dll
0x00007ffbfb6f0000 - 0x00007ffbfb982000 	C:\Windows\WinSxS\amd64_microsoft.windows.common-controls_6595b64144ccf1df_6.0.22621.4541_none_2710d1c57384c085\COMCTL32.dll
0x00007ffc19d70000 - 0x00007ffc19d99000 	C:\Windows\System32\GDI32.dll
0x00007ffc18230000 - 0x00007ffc1834b000 	C:\Windows\System32\gdi32full.dll
0x00007ffc18b90000 - 0x00007ffc18c2a000 	C:\Windows\System32\msvcp_win.dll
0x00007ffc0f530000 - 0x00007ffc0f53a000 	C:\Windows\SYSTEM32\VERSION.dll
0x00007ffc1ae40000 - 0x00007ffc1ae71000 	C:\Windows\System32\IMM32.DLL
0x00007ffc114f0000 - 0x00007ffc114fc000 	C:\Program Files\Java\jdk-17\bin\vcruntime140_1.dll
0x00007ffbe9610000 - 0x00007ffbe969e000 	C:\Program Files\Java\jdk-17\bin\msvcp140.dll
0x00007ffb3fb60000 - 0x00007ffb40737000 	C:\Program Files\Java\jdk-17\bin\server\jvm.dll
0x00007ffc1a3c0000 - 0x00007ffc1a3c8000 	C:\Windows\System32\PSAPI.DLL
0x00007ffb26530000 - 0x00007ffb26539000 	C:\Windows\SYSTEM32\WSOCK32.dll
0x00007ffc128c0000 - 0x00007ffc128f4000 	C:\Windows\SYSTEM32\WINMM.dll
0x00007ffc19bf0000 - 0x00007ffc19c61000 	C:\Windows\System32\WS2_32.dll
0x00007ffc17330000 - 0x00007ffc17348000 	C:\Windows\SYSTEM32\kernel.appcore.dll
0x00007ffc114e0000 - 0x00007ffc114ea000 	C:\Program Files\Java\jdk-17\bin\jimage.dll
0x00007ffc15b80000 - 0x00007ffc15db2000 	C:\Windows\SYSTEM32\DBGHELP.DLL
0x00007ffc1aaa0000 - 0x00007ffc1ae31000 	C:\Windows\System32\combase.dll
0x00007ffc1a6a0000 - 0x00007ffc1a777000 	C:\Windows\System32\OLEAUT32.dll
0x00007ffc0f4f0000 - 0x00007ffc0f522000 	C:\Windows\SYSTEM32\dbgcore.DLL
0x00007ffc18830000 - 0x00007ffc188ab000 	C:\Windows\System32\bcryptPrimitives.dll
0x00007ffbf22b0000 - 0x00007ffbf22d5000 	C:\Program Files\Java\jdk-17\bin\java.dll
0x00007ffbd9a20000 - 0x00007ffbd9af7000 	C:\Program Files\Java\jdk-17\bin\jsvml.dll
0x00007ffc18dd0000 - 0x00007ffc19649000 	C:\Windows\System32\SHELL32.dll
0x00007ffc16130000 - 0x00007ffc16a39000 	C:\Windows\SYSTEM32\windows.storage.dll
0x00007ffc15ff0000 - 0x00007ffc1612f000 	C:\Windows\SYSTEM32\wintypes.dll
0x00007ffc199f0000 - 0x00007ffc19aea000 	C:\Windows\System32\SHCORE.dll
0x00007ffc1a360000 - 0x00007ffc1a3be000 	C:\Windows\System32\shlwapi.dll
0x00007ffc18160000 - 0x00007ffc1818b000 	C:\Windows\SYSTEM32\profapi.dll
0x00007ffbfc690000 - 0x00007ffbfc6a9000 	C:\Program Files\Java\jdk-17\bin\net.dll
0x00007ffc146c0000 - 0x00007ffc147f6000 	C:\Windows\SYSTEM32\WINHTTP.dll
0x00007ffc177a0000 - 0x00007ffc17809000 	C:\Windows\system32\mswsock.dll
0x00007ffbf2290000 - 0x00007ffbf22a6000 	C:\Program Files\Java\jdk-17\bin\nio.dll
0x00007ffbf1330000 - 0x00007ffbf1348000 	C:\Program Files\Java\jdk-17\bin\zip.dll
0x00007ffbe95e0000 - 0x00007ffbe9604000 	C:\Program Files\apache-maven-3.9.9\lib\jansi-native\Windows\x86_64\jansi.dll
0x00007ffc00620000 - 0x00007ffc00630000 	C:\Program Files\Java\jdk-17\bin\verify.dll
0x00007ffc17440000 - 0x00007ffc17474000 	C:\Windows\SYSTEM32\ntmarta.dll
0x00007ffc179e0000 - 0x00007ffc179fb000 	C:\Windows\SYSTEM32\CRYPTSP.dll
0x00007ffc17290000 - 0x00007ffc172c5000 	C:\Windows\system32\rsaenh.dll
0x00007ffc17860000 - 0x00007ffc17888000 	C:\Windows\SYSTEM32\USERENV.dll
0x00007ffc179d0000 - 0x00007ffc179dc000 	C:\Windows\SYSTEM32\CRYPTBASE.dll
0x00007ffc16d50000 - 0x00007ffc16d7d000 	C:\Windows\SYSTEM32\IPHLPAPI.DLL
0x00007ffc19d60000 - 0x00007ffc19d69000 	C:\Windows\System32\NSI.dll
0x00007ffc144b0000 - 0x00007ffc144c9000 	C:\Windows\SYSTEM32\dhcpcsvc6.DLL
0x00007ffc14490000 - 0x00007ffc144af000 	C:\Windows\SYSTEM32\dhcpcsvc.DLL
0x00007ffc16dd0000 - 0x00007ffc16ed2000 	C:\Windows\SYSTEM32\DNSAPI.dll

dbghelp: loaded successfully - version: 4.0.5 - missing functions: none
symbol engine: initialized successfully - sym options: 0x614 - pdb path: .;C:\Program Files\Java\jdk-17\bin;C:\Windows\SYSTEM32;C:\Windows\WinSxS\amd64_microsoft.windows.common-controls_6595b64144ccf1df_6.0.22621.4541_none_2710d1c57384c085;C:\Program Files\Java\jdk-17\bin\server;C:\Program Files\apache-maven-3.9.9\lib\jansi-native\Windows\x86_64

VM Arguments:
jvm_args: -Dclassworlds.conf=C:\Program Files\apache-maven-3.9.9\bin\m2.conf -Dmaven.home=C:\Program Files\apache-maven-3.9.9 -Dlibrary.jansi.path=C:\Program Files\apache-maven-3.9.9\lib\jansi-native -Dmaven.multiModuleProjectDirectory=D:\Healthcare System\api-gateway 
java_command: org.codehaus.plexus.classworlds.launcher.Launcher clean package
java_class_path (initial): C:\Program Files\apache-maven-3.9.9\boot\plexus-classworlds-2.8.0.jar
Launcher Type: SUN_STANDARD

[Global flags]
     intx CICompilerCount                          = 15                                        {product} {ergonomic}
     uint ConcGCThreads                            = 6                                         {product} {ergonomic}
     uint G1ConcRefinementThreads                  = 23                                        {product} {ergonomic}
   size_t G1HeapRegionSize                         = 2097152                                   {product} {ergonomic}
    uintx GCDrainStackTargetSize                   = 64                                        {product} {ergonomic}
   size_t InitialHeapSize                          = 264241152                                 {product} {ergonomic}
   size_t MarkStackSize                            = 4194304                                   {product} {ergonomic}
   size_t MaxHeapSize                              = 4196401152                                {product} {ergonomic}
   size_t MaxNewSize                               = 2516582400                                {product} {ergonomic}
   size_t MinHeapDeltaBytes                        = 2097152                                   {product} {ergonomic}
   size_t MinHeapSize                              = 8388608                                   {product} {ergonomic}
    uintx NonNMethodCodeHeapSize                   = 8192380                                {pd product} {ergonomic}
    uintx NonProfiledCodeHeapSize                  = 121732930                              {pd product} {ergonomic}
    uintx ProfiledCodeHeapSize                     = 121732930                              {pd product} {ergonomic}
    uintx ReservedCodeCacheSize                    = 251658240                              {pd product} {ergonomic}
     bool SegmentedCodeCache                       = true                                      {product} {ergonomic}
   size_t SoftMaxHeapSize                          = 4196401152                             {manageable} {ergonomic}
     bool UseCompressedClassPointers               = true                           {product lp64_product} {ergonomic}
     bool UseCompressedOops                        = true                           {product lp64_product} {ergonomic}
     bool UseG1GC                                  = true                                      {product} {ergonomic}
     bool UseLargePagesIndividualAllocation        = false                                  {pd product} {ergonomic}

Logging:
Log output configuration:
 #0: stdout all=warning uptime,level,tags
 #1: stderr all=off uptime,level,tags

Environment Variables:
PATH=C:\Program Files\Common Files\Oracle\Java\javapath;C:\Windows\system32;C:\Windows;C:\Windows\System32\Wbem;C:\Windows\System32\WindowsPowerShell\v1.0\;C:\Windows\System32\OpenSSH\;C:\Program Files (x86)\NVIDIA Corporation\PhysX\Common;C:\Program Files\dotnet\;C:\Program Files\Microsoft SQL Server\150\Tools\Binn\;C:\Program Files\Microsoft SQL Server\Client SDK\ODBC\170\Tools\Binn\;C:\Program Files\MATLAB\R2024a\bin;C:\Program Files\NVIDIA Corporation\NVIDIA app\NvDLISR;%JAVA_HOME%\bin;C:\Program Files\apache-maven-3.9.9\bin;;C:\ProgramData\chocolatey\bin;C:\Program Files\Docker\Docker\resources\bin;C:\Users\bhand\AppData\Local\Microsoft\WindowsApps;C:\Users\bhand\.dotnet\tools;C:\Users\bhand\AppData\Local\Programs\Microsoft VS Code\bin
USERNAME=bhand
OS=Windows_NT
PROCESSOR_IDENTIFIER=Intel64 Family 6 Model 183 Stepping 1, GenuineIntel



---------------  S Y S T E M  ---------------

OS:
 Windows 11 , 64 bit Build 22621 (10.0.22621.4391)
OS uptime: 0 days 1:02 hours
Hyper-V role detected

CPU: total 32 (initial active 32) (16 cores per cpu, 2 threads per core) family 6 model 183 stepping 1 microcode 0x12b, cx8, cmov, fxsr, ht, mmx, 3dnowpref, sse, sse2, sse3, ssse3, sse4.1, sse4.2, popcnt, lzcnt, tsc, tscinvbit, avx, avx2, aes, erms, clmul, bmi1, bmi2, adx, sha, fma, vzeroupper, clflush, clflushopt, clwb, hv

Memory: 4k page, system-wide physical 16002M (500M free)
TotalPageFile size 22893M (AvailPageFile size 357M)
current process WorkingSet (physical memory assigned to process): 372M, peak: 382M
current process commit charge ("private bytes"): 442M, peak: 463M

vm_info: Java HotSpot(TM) 64-Bit Server VM (17.0.6+9-LTS-190) for windows-amd64 JRE (17.0.6+9-LTS-190), built on Dec  6 2022 15:53:54 by "mach5one" with MS VC++ 17.1 (VS2022)

END.
