#
# There is insufficient memory for the Java Runtime Environment to continue.
# Native memory allocation (mmap) failed to map 4128768 bytes for G1 virtual space
# Possible reasons:
#   The system is out of physical RAM or swap space
#   The process is running with CompressedOops enabled, and the Java Heap may be blocking the growth of the native heap
# Possible solutions:
#   Reduce memory load on the system
#   Increase physical memory or swap space
#   Check if swap backing store is full
#   Decrease Java heap size (-Xmx/-Xms)
#   Decrease number of Java threads
#   Decrease Java thread stack sizes (-Xss)
#   Set larger code cache with -XX:ReservedCodeCacheSize=
#   JVM is running with Zero Based Compressed Oops mode in which the Java heap is
#     placed in the first 32GB address space. The Java Heap base address is the
#     maximum limit for the native heap growth. Please use -XX:HeapBaseMinAddress
#     to set the Java Heap base and to place the Java Heap above 32GB virtual address.
# This output file may be truncated or incomplete.
#
#  Out of Memory Error (os_windows.cpp:3550), pid=25988, tid=26840
#
# JRE version:  (17.0.6+9) (build )
# Java VM: Java HotSpot(TM) 64-Bit Server VM (17.0.6+9-LTS-190, mixed mode, sharing, tiered, compressed oops, compressed class ptrs, g1 gc, windows-amd64)
# No core dump will be written. Minidumps are not enabled by default on client versions of Windows
#

---------------  S U M M A R Y ------------

Command Line: C:\Users\bhand\AppData\Local\Temp\surefire11069154190942776292\surefirebooter-20250207165727333_3.jar C:\Users\bhand\AppData\Local\Temp\surefire11069154190942776292 2025-02-07T16-57-27_228-jvmRun1 surefire-20250207165727333_1tmp surefire_0-20250207165727333_2tmp

Host: 13th Gen Intel(R) Core(TM) i9-13980HX, 32 cores, 15G,  Windows 11 , 64 bit Build 22621 (10.0.22621.4391)
Time: Fri Feb  7 16:57:27 2025 Eastern Standard Time elapsed time: 0.008895 seconds (0d 0h 0m 0s)

---------------  T H R E A D  ---------------

Current thread (0x0000013440a016c0):  JavaThread "Unknown thread" [_thread_in_vm, id=26840, stack(0x0000000379900000,0x0000000379a00000)]

Stack: [0x0000000379900000,0x0000000379a00000]
Native frames: (J=compiled Java code, j=interpreted, Vv=VM code, C=native code)
V  [jvm.dll+0x6734ea]
V  [jvm.dll+0x7d18f4]
V  [jvm.dll+0x7d309e]
V  [jvm.dll+0x7d3703]
V  [jvm.dll+0x2433c5]
V  [jvm.dll+0x6703f9]
V  [jvm.dll+0x664d32]
V  [jvm.dll+0x300086]
V  [jvm.dll+0x307606]
V  [jvm.dll+0x356c33]
V  [jvm.dll+0x356e4f]
V  [jvm.dll+0x2d72e8]
V  [jvm.dll+0x2d8254]
V  [jvm.dll+0x7a33b1]
V  [jvm.dll+0x3647f1]
V  [jvm.dll+0x782839]
V  [jvm.dll+0x3e757f]
V  [jvm.dll+0x3e9001]
C  [jli.dll+0x5297]
C  [ucrtbase.dll+0x29333]
C  [KERNEL32.DLL+0x1259d]
C  [ntdll.dll+0x5af38]


---------------  P R O C E S S  ---------------

Threads class SMR info:
_java_thread_list=0x00007ffb4060e958, length=0, elements={
}

Java Threads: ( => current thread )

Other Threads:
  0x0000013440a724b0 GCTaskThread "GC Thread#0" [stack: 0x0000000379a00000,0x0000000379b00000] [id=23576]
  0x0000013440a20ed0 ConcurrentGCThread "G1 Main Marker" [stack: 0x0000000379b00000,0x0000000379c00000] [id=25812]
  0x0000013440a83ba0 ConcurrentGCThread "G1 Conc#0" [stack: 0x0000000379c00000,0x0000000379d00000] [id=3272]

[error occurred during error reporting (printing all threads), id 0xc0000005, EXCEPTION_ACCESS_VIOLATION (0xc0000005) at pc=0x00007ffb3fe47f07]

VM state: not at safepoint (not fully initialized)

VM Mutex/Monitor currently owned by a thread:  ([mutex/lock_event])
[0x00000134409fdc60] Heap_lock - owner thread: 0x0000013440a016c0

Heap address: 0x0000000705e00000, size: 4002 MB, Compressed Oops mode: Zero based, Oop shift amount: 3

CDS archive(s) mapped at: [0x0000000000000000-0x0000000000000000-0x0000000000000000), size 0, SharedBaseAddress: 0x0000000800000000, ArchiveRelocationMode: 0.
Narrow klass base: 0x0000000000000000, Narrow klass shift: 0, Narrow klass range: 0x0

GC Precious Log:
<Empty>

Heap:
 garbage-first heap   total 0K, used 0K [0x0000000705e00000, 0x0000000800000000)
  region size 2048K, 0 young (0K), 0 survivors (0K)

[error occurred during error reporting (printing heap information), id 0xc0000005, EXCEPTION_ACCESS_VIOLATION (0xc0000005) at pc=0x00007ffb4022c759]

GC Heap History (0 events):
No events

Deoptimization events (0 events):
No events

Classes unloaded (0 events):
No events

Classes redefined (0 events):
No events

Internal exceptions (0 events):
No events

VM Operations (0 events):
No events

Events (1 events):
Event: 0.004 Loaded shared library C:\Program Files\Java\jdk-17\bin\java.dll


Dynamic libraries:
0x00007ff6ca190000 - 0x00007ff6ca1a0000 	C:\Program Files\Java\jdk-17\bin\java.exe
0x00007ffc1af70000 - 0x00007ffc1b187000 	C:\Windows\SYSTEM32\ntdll.dll
0x00007ffc19c90000 - 0x00007ffc19d54000 	C:\Windows\System32\KERNEL32.DLL
0x00007ffc18470000 - 0x00007ffc1882a000 	C:\Windows\System32\KERNELBASE.dll
0x00007ffc18350000 - 0x00007ffc18461000 	C:\Windows\System32\ucrtbase.dll
0x00007ffc11520000 - 0x00007ffc11538000 	C:\Program Files\Java\jdk-17\bin\jli.dll
0x00007ffc11500000 - 0x00007ffc1151b000 	C:\Program Files\Java\jdk-17\bin\VCRUNTIME140.dll
0x00007ffc1a990000 - 0x00007ffc1aa42000 	C:\Windows\System32\ADVAPI32.dll
0x00007ffc19940000 - 0x00007ffc199e7000 	C:\Windows\System32\msvcrt.dll
0x00007ffc19da0000 - 0x00007ffc19e47000 	C:\Windows\System32\sechost.dll
0x00007ffc18970000 - 0x00007ffc18998000 	C:\Windows\System32\bcrypt.dll
0x00007ffc1a580000 - 0x00007ffc1a694000 	C:\Windows\System32\RPCRT4.dll
0x00007ffc1a780000 - 0x00007ffc1a92e000 	C:\Windows\System32\USER32.dll
0x00007ffc18c30000 - 0x00007ffc18c56000 	C:\Windows\System32\win32u.dll
0x00007ffbfb6f0000 - 0x00007ffbfb982000 	C:\Windows\WinSxS\amd64_microsoft.windows.common-controls_6595b64144ccf1df_6.0.22621.4541_none_2710d1c57384c085\COMCTL32.dll
0x00007ffc19d70000 - 0x00007ffc19d99000 	C:\Windows\System32\GDI32.dll
0x00007ffc18230000 - 0x00007ffc1834b000 	C:\Windows\System32\gdi32full.dll
0x00007ffc18b90000 - 0x00007ffc18c2a000 	C:\Windows\System32\msvcp_win.dll
0x00007ffc0f530000 - 0x00007ffc0f53a000 	C:\Windows\SYSTEM32\VERSION.dll
0x00007ffc1ae40000 - 0x00007ffc1ae71000 	C:\Windows\System32\IMM32.DLL
0x00007ffc114f0000 - 0x00007ffc114fc000 	C:\Program Files\Java\jdk-17\bin\vcruntime140_1.dll
0x00007ffbe9610000 - 0x00007ffbe969e000 	C:\Program Files\Java\jdk-17\bin\msvcp140.dll
0x00007ffb3fb60000 - 0x00007ffb40737000 	C:\Program Files\Java\jdk-17\bin\server\jvm.dll
0x00007ffc1a3c0000 - 0x00007ffc1a3c8000 	C:\Windows\System32\PSAPI.DLL
0x00007ffb26530000 - 0x00007ffb26539000 	C:\Windows\SYSTEM32\WSOCK32.dll
0x00007ffc128c0000 - 0x00007ffc128f4000 	C:\Windows\SYSTEM32\WINMM.dll
0x00007ffc19bf0000 - 0x00007ffc19c61000 	C:\Windows\System32\WS2_32.dll
0x00007ffc17330000 - 0x00007ffc17348000 	C:\Windows\SYSTEM32\kernel.appcore.dll
0x00007ffc114e0000 - 0x00007ffc114ea000 	C:\Program Files\Java\jdk-17\bin\jimage.dll
0x00007ffc15b80000 - 0x00007ffc15db2000 	C:\Windows\SYSTEM32\DBGHELP.DLL
0x00007ffc1aaa0000 - 0x00007ffc1ae31000 	C:\Windows\System32\combase.dll
0x00007ffc1a6a0000 - 0x00007ffc1a777000 	C:\Windows\System32\OLEAUT32.dll
0x00007ffc0f4f0000 - 0x00007ffc0f522000 	C:\Windows\SYSTEM32\dbgcore.DLL
0x00007ffc18830000 - 0x00007ffc188ab000 	C:\Windows\System32\bcryptPrimitives.dll
0x00007ffbf22b0000 - 0x00007ffbf22d5000 	C:\Program Files\Java\jdk-17\bin\java.dll

dbghelp: loaded successfully - version: 4.0.5 - missing functions: none
symbol engine: initialized successfully - sym options: 0x614 - pdb path: .;C:\Program Files\Java\jdk-17\bin;C:\Windows\SYSTEM32;C:\Windows\WinSxS\amd64_microsoft.windows.common-controls_6595b64144ccf1df_6.0.22621.4541_none_2710d1c57384c085;C:\Program Files\Java\jdk-17\bin\server

VM Arguments:
java_command: C:\Users\bhand\AppData\Local\Temp\surefire11069154190942776292\surefirebooter-20250207165727333_3.jar C:\Users\bhand\AppData\Local\Temp\surefire11069154190942776292 2025-02-07T16-57-27_228-jvmRun1 surefire-20250207165727333_1tmp surefire_0-20250207165727333_2tmp
java_class_path (initial): C:\Users\bhand\AppData\Local\Temp\surefire11069154190942776292\surefirebooter-20250207165727333_3.jar
Launcher Type: SUN_STANDARD

[Global flags]
     intx CICompilerCount                          = 15                                        {product} {ergonomic}
     uint ConcGCThreads                            = 6                                         {product} {ergonomic}
     uint G1ConcRefinementThreads                  = 23                                        {product} {ergonomic}
   size_t G1HeapRegionSize                         = 2097152                                   {product} {ergonomic}
    uintx GCDrainStackTargetSize                   = 64                                        {product} {ergonomic}
   size_t InitialHeapSize                          = 264241152                                 {product} {ergonomic}
   size_t MarkStackSize                            = 4194304                                   {product} {ergonomic}
   size_t MaxHeapSize                              = 4196401152                                {product} {ergonomic}
   size_t MinHeapDeltaBytes                        = 2097152                                   {product} {ergonomic}
   size_t MinHeapSize                              = 8388608                                   {product} {ergonomic}
    uintx NonNMethodCodeHeapSize                   = 8192380                                {pd product} {ergonomic}
    uintx NonProfiledCodeHeapSize                  = 121732930                              {pd product} {ergonomic}
    uintx ProfiledCodeHeapSize                     = 121732930                              {pd product} {ergonomic}
    uintx ReservedCodeCacheSize                    = 251658240                              {pd product} {ergonomic}
     bool SegmentedCodeCache                       = true                                      {product} {ergonomic}
   size_t SoftMaxHeapSize                          = 4196401152                             {manageable} {ergonomic}
     bool UseCompressedClassPointers               = true                           {product lp64_product} {ergonomic}
     bool UseCompressedOops                        = true                           {product lp64_product} {ergonomic}
     bool UseG1GC                                  = true                                      {product} {ergonomic}
     bool UseLargePagesIndividualAllocation        = false                                  {pd product} {ergonomic}

Logging:
Log output configuration:
 #0: stdout all=warning uptime,level,tags
 #1: stderr all=off uptime,level,tags

Environment Variables:
PATH=C:\Program Files\Common Files\Oracle\Java\javapath;C:\Windows\system32;C:\Windows;C:\Windows\System32\Wbem;C:\Windows\System32\WindowsPowerShell\v1.0\;C:\Windows\System32\OpenSSH\;C:\Program Files (x86)\NVIDIA Corporation\PhysX\Common;C:\Program Files\dotnet\;C:\Program Files\Microsoft SQL Server\150\Tools\Binn\;C:\Program Files\Microsoft SQL Server\Client SDK\ODBC\170\Tools\Binn\;C:\Program Files\MATLAB\R2024a\bin;C:\Program Files\NVIDIA Corporation\NVIDIA app\NvDLISR;%JAVA_HOME%\bin;C:\Program Files\apache-maven-3.9.9\bin;;C:\ProgramData\chocolatey\bin;C:\Program Files\Docker\Docker\resources\bin;C:\Users\bhand\AppData\Local\Microsoft\WindowsApps;C:\Users\bhand\.dotnet\tools;C:\Users\bhand\AppData\Local\Programs\Microsoft VS Code\bin
USERNAME=bhand
OS=Windows_NT
PROCESSOR_IDENTIFIER=Intel64 Family 6 Model 183 Stepping 1, GenuineIntel



---------------  S Y S T E M  ---------------

OS:
 Windows 11 , 64 bit Build 22621 (10.0.22621.4391)
OS uptime: 0 days 1:02 hours
Hyper-V role detected

CPU: total 32 (initial active 32) (16 cores per cpu, 2 threads per core) family 6 model 183 stepping 1 microcode 0x12b, cx8, cmov, fxsr, ht, mmx, 3dnowpref, sse, sse2, sse3, ssse3, sse4.1, sse4.2, popcnt, lzcnt, tsc, tscinvbit, avx, avx2, aes, erms, clmul, bmi1, bmi2, adx, sha, fma, vzeroupper, clflush, clflushopt, clwb, hv

Memory: 4k page, system-wide physical 16002M (495M free)
TotalPageFile size 22893M (AvailPageFile size 5M)
current process WorkingSet (physical memory assigned to process): 11M, peak: 11M
current process commit charge ("private bytes"): 344M, peak: 348M

vm_info: Java HotSpot(TM) 64-Bit Server VM (17.0.6+9-LTS-190) for windows-amd64 JRE (17.0.6+9-LTS-190), built on Dec  6 2022 15:53:54 by "mach5one" with MS VC++ 17.1 (VS2022)

END.
